# JRE version: OpenJDK Runtime Environment Temurin-17.0.4.1+1 (17.0.4.1+1) (build 17.0.4.1+1)
# Java VM: OpenJDK 64-Bit Server VM Temurin-17.0.4.1+1 (17.0.4.1+1, mixed mode, tiered, compressed oops, compressed class ptrs, g1 gc, windows-amd64)
GC Precious Log:
 CPUs: 12 total, 12 available
 Memory: 7555M
 Large Page Support: Disabled
 NUMA Support: Disabled
 Compressed Oops: Enabled (32-bit)
 Heap Region Size: 1M
 Heap Min Capacity: 8M
 Heap Initial Capacity: 120M
 Heap Max Capacity: 1890M
 Pre-touch: Disabled
 Parallel Workers: 10
 Concurrent Workers: 3
 Concurrent Refinement Workers: 10
 Periodic GC: Disabled
Heap:
 garbage-first heap   total 62464K, used 40295K [0x0000000089e00000, 0x0000000100000000)
  region size 1024K, 17 young (17408K), 3 survivors (3072K)
 Metaspace       used 70083K, committed 70528K, reserved 1114112K
  class space    used 8768K, committed 8960K, reserved 1048576K
GC Heap History (20 events):
Event: 4.423 GC heap before
{Heap before GC invocations=18 (full 0):
 garbage-first heap   total 46080K, used 35823K [0x0000000089e00000, 0x0000000100000000)
  region size 1024K, 17 young (17408K), 3 survivors (3072K)
 Metaspace       used 59903K, committed 60288K, reserved 1105920K
  class space    used 7711K, committed 7872K, reserved 1048576K
}
Event: 4.426 GC heap after
{Heap after GC invocations=19 (full 0):
 garbage-first heap   total 46080K, used 23028K [0x0000000089e00000, 0x0000000100000000)
  region size 1024K, 3 young (3072K), 3 survivors (3072K)
 Metaspace       used 59903K, committed 60288K, reserved 1105920K
  class space    used 7711K, committed 7872K, reserved 1048576K
}
Event: 4.469 GC heap before
{Heap before GC invocations=19 (full 0):
 garbage-first heap   total 46080K, used 24052K [0x0000000089e00000, 0x0000000100000000)
  region size 1024K, 5 young (5120K), 3 survivors (3072K)
 Metaspace       used 60125K, committed 60416K, reserved 1105920K
  class space    used 7738K, committed 7872K, reserved 1048576K
}
Event: 4.471 GC heap after
{Heap after GC invocations=20 (full 0):
 garbage-first heap   total 46080K, used 23443K [0x0000000089e00000, 0x0000000100000000)
  region size 1024K, 1 young (1024K), 1 survivors (1024K)
 Metaspace       used 60125K, committed 60416K, reserved 1105920K
  class space    used 7738K, committed 7872K, reserved 1048576K
}
Event: 46.150 GC heap before
{Heap before GC invocations=21 (full 0):
 garbage-first heap   total 46080K, used 35731K [0x0000000089e00000, 0x0000000100000000)
  region size 1024K, 13 young (13312K), 1 survivors (1024K)
 Metaspace       used 62040K, committed 62400K, reserved 1105920K
  class space    used 7986K, committed 8128K, reserved 1048576K
}
Event: 46.152 GC heap after
{Heap after GC invocations=22 (full 0):
 garbage-first heap   total 62464K, used 24006K [0x0000000089e00000, 0x0000000100000000)
  region size 1024K, 2 young (2048K), 2 survivors (2048K)
 Metaspace       used 62040K, committed 62400K, reserved 1105920K
  class space    used 7986K, committed 8128K, reserved 1048576K
}
Event: 184.544 GC heap before
{Heap before GC invocations=22 (full 0):
 garbage-first heap   total 62464K, used 28102K [0x0000000089e00000, 0x0000000100000000)
  region size 1024K, 7 young (7168K), 2 survivors (2048K)
 Metaspace       used 62313K, committed 62720K, reserved 1105920K
  class space    used 8016K, committed 8192K, reserved 1048576K
}
Event: 184.567 GC heap after
{Heap after GC invocations=23 (full 1):
 garbage-first heap   total 62464K, used 19973K [0x0000000089e00000, 0x0000000100000000)
  region size 1024K, 0 young (0K), 0 survivors (0K)
 Metaspace       used 62313K, committed 62720K, reserved 1105920K
  class space    used 8016K, committed 8192K, reserved 1048576K
}
Event: 184.881 GC heap before
{Heap before GC invocations=23 (full 1):
 garbage-first heap   total 62464K, used 45573K [0x0000000089e00000, 0x0000000100000000)
  region size 1024K, 25 young (25600K), 0 survivors (0K)
 Metaspace       used 62567K, committed 63040K, reserved 1105920K
  class space    used 8022K, committed 8256K, reserved 1048576K
}
Event: 184.882 GC heap after
{Heap after GC invocations=24 (full 1):
 garbage-first heap   total 62464K, used 22111K [0x0000000089e00000, 0x0000000100000000)
  region size 1024K, 3 young (3072K), 3 survivors (3072K)
 Metaspace       used 62567K, committed 63040K, reserved 1105920K
  class space    used 8022K, committed 8256K, reserved 1048576K
}
Event: 185.124 GC heap before
{Heap before GC invocations=24 (full 1):
 garbage-first heap   total 62464K, used 45663K [0x0000000089e00000, 0x0000000100000000)
  region size 1024K, 26 young (26624K), 3 survivors (3072K)
 Metaspace       used 63060K, committed 63488K, reserved 1105920K
  class space    used 8035K, committed 8256K, reserved 1048576K
}
Event: 185.126 GC heap after
{Heap after GC invocations=25 (full 1):
 garbage-first heap   total 62464K, used 24390K [0x0000000089e00000, 0x0000000100000000)
  region size 1024K, 3 young (3072K), 3 survivors (3072K)
 Metaspace       used 63060K, committed 63488K, reserved 1105920K
  class space    used 8035K, committed 8256K, reserved 1048576K
}
Event: 237.826 GC heap before
{Heap before GC invocations=25 (full 1):
 garbage-first heap   total 62464K, used 44870K [0x0000000089e00000, 0x0000000100000000)
  region size 1024K, 24 young (24576K), 3 survivors (3072K)
 Metaspace       used 68556K, committed 68992K, reserved 1114112K
  class space    used 8685K, committed 8896K, reserved 1048576K
}
Event: 237.828 GC heap after
{Heap after GC invocations=26 (full 1):
 garbage-first heap   total 62464K, used 26963K [0x0000000089e00000, 0x0000000100000000)
  region size 1024K, 3 young (3072K), 3 survivors (3072K)
 Metaspace       used 68556K, committed 68992K, reserved 1114112K
  class space    used 8685K, committed 8896K, reserved 1048576K
}
Event: 351.504 GC heap before
{Heap before GC invocations=26 (full 1):
 garbage-first heap   total 62464K, used 42323K [0x0000000089e00000, 0x0000000100000000)
  region size 1024K, 20 young (20480K), 3 survivors (3072K)
 Metaspace       used 69493K, committed 69824K, reserved 1114112K
  class space    used 8745K, committed 8896K, reserved 1048576K
}
Event: 351.536 GC heap after
{Heap after GC invocations=27 (full 2):
 garbage-first heap   total 62464K, used 22782K [0x0000000089e00000, 0x0000000100000000)
  region size 1024K, 0 young (0K), 0 survivors (0K)
 Metaspace       used 69491K, committed 69824K, reserved 1114112K
  class space    used 8744K, committed 8896K, reserved 1048576K
}
Event: 351.877 GC heap before
{Heap before GC invocations=27 (full 2):
 garbage-first heap   total 62464K, used 46334K [0x0000000089e00000, 0x0000000100000000)
  region size 1024K, 23 young (23552K), 0 survivors (0K)
 Metaspace       used 69623K, committed 70080K, reserved 1114112K
  class space    used 8750K, committed 8960K, reserved 1048576K
}
Event: 351.879 GC heap after
{Heap after GC invocations=28 (full 2):
 garbage-first heap   total 62464K, used 24830K [0x0000000089e00000, 0x0000000100000000)
  region size 1024K, 2 young (2048K), 2 survivors (2048K)
 Metaspace       used 69623K, committed 70080K, reserved 1114112K
  class space    used 8750K, committed 8960K, reserved 1048576K
}
Event: 352.079 GC heap before
{Heap before GC invocations=28 (full 2):
 garbage-first heap   total 62464K, used 45310K [0x0000000089e00000, 0x0000000100000000)
  region size 1024K, 23 young (23552K), 2 survivors (2048K)
 Metaspace       used 69968K, committed 70336K, reserved 1114112K
  class space    used 8767K, committed 8960K, reserved 1048576K
}
Event: 352.082 GC heap after
{Heap after GC invocations=29 (full 2):
 garbage-first heap   total 62464K, used 26983K [0x0000000089e00000, 0x0000000100000000)
  region size 1024K, 3 young (3072K), 3 survivors (3072K)
 Metaspace       used 69968K, committed 70336K, reserved 1114112K
  class space    used 8767K, committed 8960K, reserved 1048576K
}

